============================= test session starts =============================
platform win32 -- Python 3.12.10, pytest-9.1.1, pluggy-1.6.0 -- C:\Users\GOODMAN\miniconda3\envs\vdmc\python.exe
cachedir: .pytest_cache
rootdir: D:\PythonCodeStudy\WHT_DispFoldSolver
configfile: pyproject.toml
plugins: jaxtyping-0.3.7
collecting ... collected 251 items

tests/test_abaqus_config.py::test_abaqus_config_defaults PASSED          [  0%]
tests/test_abaqus_config.py::test_inp_snippet_roundtrip PASSED           [  0%]
tests/test_abaqus_config.py::test_json_and_yaml_serialization PASSED     [  1%]
tests/test_abaqus_config.py::test_dot_notation_key_path_mutation PASSED  [  1%]
tests/test_abaqus_config.py::test_config_presets FAILED                  [  1%]
tests/test_abaqus_config.py::test_dynamic_solver_from_config PASSED      [  2%]
tests/test_amplitude.py::test_amplitude_linear PASSED                    [  2%]
tests/test_amplitude.py::test_amplitude_smooth_step PASSED               [  3%]
tests/test_amplitude.py::test_amplitude_step PASSED                      [  3%]
tests/test_amplitude.py::test_amplitude_validation PASSED                [  3%]
tests/test_amplitude.py::test_time_dependent_bc_ramp PASSED              [  4%]
tests/test_amplitude.py::test_time_not_advanced_on_failure PASSED        [  4%]
tests/test_contact.py::test_contact_activation_and_symmetry PASSED       [  5%]
tests/test_contact.py::test_contact_depth_scales_force PASSED            [  5%]
tests/test_contact.py::test_contact_tangent_finite_difference PASSED     [  5%]
tests/test_convergence_fixes.py::test_b7_equilibrate_vectorized PASSED   [  6%]
tests/test_convergence_fixes.py::test_b8_viscoelastic_algorithmic_tangent PASSED [  6%]
tests/test_convergence_fixes.py::test_b1_line_search_logic PASSED        [  7%]
tests/test_coro_jacobian.py::test_jacobian_trick PASSED                  [  7%]
tests/test_cpe4h_hybrid.py::test_q4_hybrid_jax_energy PASSED             [  7%]
tests/test_cpe4h_hybrid.py::test_q4_hybrid_numba_kernel_matches PASSED   [  8%]
tests/test_cpe4h_hybrid.py::test_volumetric_locking_relief PASSED        [  8%]
tests/test_cpe4rh_patch.py::test_rigid_rotation_zero_force[0.001] PASSED [  9%]
tests/test_cpe4rh_patch.py::test_rigid_rotation_zero_force[1.0] PASSED   [  9%]
tests/test_cpe4rh_patch.py::test_rigid_rotation_zero_force[30.0] PASSED  [  9%]
tests/test_cpe4rh_patch.py::test_rigid_rotation_zero_force[45.0] PASSED  [ 10%]
tests/test_cpe4rh_patch.py::test_rigid_rotation_zero_force[89.9] PASSED  [ 10%]
tests/test_cpe4rh_patch.py::test_rigid_rotation_zero_force[90.0] PASSED  [ 11%]
tests/test_cpe4rh_patch.py::test_rigid_rotation_zero_force[135.0] PASSED [ 11%]
tests/test_cpe4rh_patch.py::test_rigid_rotation_zero_force_off_center PASSED [ 11%]
tests/test_cpe4rh_patch.py::test_hourglass_insensitive_to_affine_field[F00] PASSED [ 12%]
tests/test_cpe4rh_patch.py::test_hourglass_insensitive_to_affine_field[F01] PASSED [ 12%]
tests/test_cpe4rh_patch.py::test_hourglass_insensitive_to_affine_field[F02] PASSED [ 13%]
tests/test_cpe4rh_patch.py::test_hourglass_insensitive_to_affine_field[F03] PASSED [ 13%]
tests/test_cpe4rh_patch.py::test_patch_test_affine_field_is_equilibrium[F00] PASSED [ 13%]
tests/test_cpe4rh_patch.py::test_patch_test_affine_field_is_equilibrium[F01] PASSED [ 14%]
tests/test_cpe4rh_patch.py::test_patch_test_affine_field_is_equilibrium[F02] PASSED [ 14%]
tests/test_cpe4rh_patch.py::test_patch_test_affine_field_is_equilibrium[F03] PASSED [ 15%]
tests/test_cpe4rh_patch.py::test_patch_test_rigid_rotation_is_equilibrium PASSED [ 15%]
tests/test_cpe4rh_patch.py::test_tangent_matches_finite_difference PASSED [ 15%]
tests/test_cpe4rh_patch.py::test_orthodox_solver_level_patch_test PASSED [ 16%]
tests/test_cr_eas_element.py::test_cr_eas_patch_test_numpy PASSED        [ 16%]
tests/test_cr_eas_element.py::test_cr_eas_patch_test_jax PASSED          [ 17%]
tests/test_cr_eas_element.py::test_cr_eas_patch_test_numba PASSED        [ 17%]
tests/test_eas_jax_verify.py::test_elastic_force_and_tangent FAILED      [ 17%]
tests/test_eas_jax_verify.py::test_plastic_force FAILED                  [ 18%]
tests/test_eas_jax_verify.py::test_vmap_batch PASSED                     [ 18%]
tests/test_hybrid.py::test_hybrid_element_symmetry PASSED                [ 19%]
tests/test_hybrid.py::test_hybrid_nearly_incompressible PASSED           [ 19%]
tests/test_hyperelastic.py::TestSmallStrainLimit::test_nh_strain_energy_zero_at_I PASSED [ 19%]
tests/test_hyperelastic.py::TestSmallStrainLimit::test_nh_small_strain_s11 PASSED [ 20%]
tests/test_hyperelastic.py::TestSmallStrainLimit::test_nh_small_strain_s22_zero PASSED [ 20%]
tests/test_hyperelastic.py::TestSmallStrainLimit::test_nh_small_strain_s12_zero PASSED [ 21%]
tests/test_hyperelastic.py::TestSmallStrainLimit::test_nh_tangent_symmetry PASSED [ 21%]
tests/test_hyperelastic.py::TestSmallStrainLimit::test_yeoh_strain_energy_zero_at_I PASSED [ 21%]
tests/test_hyperelastic.py::TestSmallStrainLimit::test_yeoh_small_strain_s11 PASSED [ 22%]
tests/test_hyperelastic.py::TestSmallStrainLimit::test_yeoh_small_strain_s22_zero PASSED [ 22%]
tests/test_hyperelastic.py::TestSmallStrainLimit::test_yeoh_tangent_symmetry PASSED [ 23%]
tests/test_hyperelastic.py::TestSmallStrainLimit::test_ab_strain_energy_zero_at_I PASSED [ 23%]
tests/test_hyperelastic.py::TestSmallStrainLimit::test_ab_small_strain_s11 PASSED [ 23%]
tests/test_hyperelastic.py::TestSmallStrainLimit::test_ab_small_strain_s22_zero PASSED [ 24%]
tests/test_hyperelastic.py::TestSmallStrainLimit::test_ab_tangent_symmetry PASSED [ 24%]
tests/test_hyperelastic.py::TestLargeDeformation::test_nh_stress_monotonic PASSED [ 25%]
tests/test_hyperelastic.py::TestLargeDeformation::test_yeoh_stress_monotonic PASSED [ 25%]
tests/test_hyperelastic.py::TestLargeDeformation::test_ab_stress_monotonic PASSED [ 25%]
tests/test_jit_jacobian.py::test_jit_jacobian PASSED                     [ 26%]
tests/test_kinematics.py::TestQ4PatchTest::test_q4_constant_strain_patch PASSED [ 26%]
tests/test_kinematics.py::TestQ4PatchTest::test_q4_constant_stress_patch PASSED [ 27%]
tests/test_kinematics.py::TestQ4PatchTest::test_q4_stiffness_symmetry PASSED [ 27%]
tests/test_kinematics.py::TestQ4PatchTest::test_q4_mass_symmetry PASSED  [ 27%]
tests/test_kinematics.py::TestQ4PatchTest::test_q4_jacobian_positive PASSED [ 28%]
tests/test_kinematics.py::TestT3PatchTest::test_t3_constant_strain_patch PASSED [ 28%]
tests/test_kinematics.py::TestT3PatchTest::test_t3_constant_stress_patch PASSED [ 29%]
tests/test_kinematics.py::TestT3PatchTest::test_t3_stiffness_symmetry PASSED [ 29%]
tests/test_kinematics.py::TestT3PatchTest::test_t3_mass_symmetry PASSED  [ 29%]
tests/test_kinematics.py::TestT3PatchTest::test_t3_jacobian_positive PASSED [ 30%]
tests/test_kinematics.py::TestGlobalAssembly::test_global_stiffness_assembly_q4 PASSED [ 30%]
tests/test_large_deformation_element_suitability.py::TestElementLevel::test_sri_j2_pet_bending PASSED [ 31%]
tests/test_large_deformation_element_suitability.py::TestElementLevel::test_sri_neohookean_psa_compression PASSED [ 31%]
tests/test_large_deformation_element_suitability.py::TestElementLevel::test_hybrid_j2_pet_bending PASSED [ 31%]
tests/test_large_deformation_element_suitability.py::TestElementLevel::test_hybrid_neohookean_psa_compression PASSED [ 32%]
tests/test_large_deformation_element_suitability.py::TestElementLevel::test_sri_hybrid_pet_bending PASSED [ 32%]
tests/test_large_deformation_element_suitability.py::TestElementLevel::test_sri_hybrid_psa_compression PASSED [ 33%]
tests/test_large_deformation_element_suitability.py::TestElementLevel::test_eas_j2_pet_bending PASSED [ 33%]
tests/test_large_deformation_element_suitability.py::TestElementLevel::test_corotational_sri_hybrid_pet_bending PASSED [ 33%]
tests/test_large_deformation_element_suitability.py::TestElementLevel::test_corotational_sri_hybrid_psa_compression PASSED [ 34%]
tests/test_large_deformation_element_suitability.py::TestElementLevel::test_sri_j2_tension_100pct PASSED [ 34%]
tests/test_large_deformation_element_suitability.py::TestElementLevel::test_hybrid_j2_tension_100pct PASSED [ 35%]
tests/test_large_deformation_element_suitability.py::TestElementLevel::test_hybrid_energy_tension_100pct PASSED [ 35%]
tests/test_large_deformation_element_suitability.py::TestElementLevel::test_sri_hybrid_tension_100pct PASSED [ 35%]
tests/test_large_deformation_element_suitability.py::TestSolverLevel::test_q4_bbar_pet_converges PASSED [ 36%]
tests/test_large_deformation_element_suitability.py::TestSolverLevel::test_q4_eas_pet_converges PASSED [ 36%]
tests/test_large_deformation_element_suitability.py::TestSolverLevel::test_q4_corot_pet_converges SKIPPED [ 37%]
tests/test_large_deformation_element_suitability.py::TestSolverLevel::test_q4_corot_eas_pet_converges SKIPPED [ 37%]
tests/test_large_deformation_element_suitability.py::TestSolverLevel::test_q4_up_pet_converges SKIPPED [ 37%]
tests/test_large_deformation_element_suitability.py::TestSolverLevel::test_q4_bbar_psa_converges XFAIL [ 38%]
tests/test_large_deformation_element_suitability.py::TestSolverLevel::test_q4_eas_psa_converges XFAIL [ 38%]
tests/test_large_deformation_element_suitability.py::TestSolverLevel::test_q4_up_psa_converges PASSED [ 39%]
tests/test_large_deformation_element_suitability.py::TestSolverLevel::test_visco_simo_psa_converges XFAIL [ 39%]
tests/test_large_deformation_element_suitability.py::TestSolverLevel::test_visco_fs_psa_converges SKIPPED [ 39%]
tests/test_large_deformation_element_suitability.py::test_suitability_table PASSED [ 40%]
tests/test_linear_visco_hybrid.py::test_prony_instantaneous_and_relaxed PASSED [ 40%]
tests/test_linear_visco_hybrid.py::test_dev_update_stress_relaxation PASSED [ 41%]
tests/test_linear_visco_hybrid.py::test_element_tangent_symmetric PASSED [ 41%]
tests/test_linear_visco_hybrid.py::test_hybrid_solver_single_element PASSED [ 41%]
tests/test_linear_visco_hybrid.py::test_hybrid_solver_wlf_shift PASSED   [ 42%]
tests/test_linear_visco_hybrid.py::test_section_thickness_scales_stiffness PASSED [ 42%]
tests/test_linear_visco_hybrid.py::test_section_thickness_per_pid PASSED [ 43%]
tests/test_linear_visco_hybrid.py::test_mixed_element_type_per_pid PASSED [ 43%]
tests/test_model_review.py::test_compute_pid_thickness_from_mesh PASSED  [ 43%]
tests/test_model_review.py::test_compute_pid_thickness_from_result PASSED [ 44%]
tests/test_model_review.py::test_format_model_review_with_thickness PASSED [ 44%]
tests/test_model_review.py::test_print_model_review_from_builder_result PASSED [ 45%]
tests/test_pardiso_options.py::test_pardiso_availability PASSED          [ 45%]
tests/test_pardiso_options.py::test_mtype_resolution PASSED              [ 45%]
tests/test_pardiso_options.py::test_spd_upper_matrix_and_accuracy PASSED [ 46%]
tests/test_pardiso_options.py::test_phase_reuse_correctness PASSED       [ 46%]
tests/test_pardiso_options.py::test_indefinite_kkt_solve PASSED          [ 47%]
tests/test_pardiso_options.py::test_adaptive_fallback PASSED             [ 47%]
tests/test_pardiso_options.py::test_phase_reuse_performance PASSED       [ 47%]
tests/test_plastic_jax_verify.py::test_elastic_step PASSED               [ 48%]
tests/test_plastic_jax_verify.py::test_plastic_step PASSED               [ 48%]
tests/test_plastic_jax_verify.py::test_plastic_incremental PASSED        [ 49%]
tests/test_plastic_jax_verify.py::test_vmap_batch PASSED                 [ 49%]
tests/test_plasticity.py::TestElasticStep::test_small_deformation_elastic PASSED [ 49%]
tests/test_plasticity.py::TestElasticStep::test_yield_fn_negative_elastic PASSED [ 50%]
tests/test_plasticity.py::TestPlasticStep::test_yield_satisfied_after_plastic PASSED [ 50%]
tests/test_plasticity.py::TestPlasticStep::test_yield_fn_zero_after_plastic PASSED [ 50%]
tests/test_plasticity.py::TestPlasticStep::test_hardening_increases_yield PASSED [ 51%]
tests/test_plasticity.py::TestCycle::test_unload_elastic PASSED          [ 51%]
tests/test_plasticity.py::TestCycle::test_eqps_monotonic PASSED          [ 52%]
tests/test_plasticity.py::TestIsochoric::test_isotropic_in_plane_yields PASSED [ 52%]
tests/test_plasticity.py::TestIsochoric::test_near_isotropic_small_plasticity PASSED [ 52%]
tests/test_plasticity.py::TestInternalVars::test_n_vars PASSED           [ 53%]
tests/test_plasticity.py::TestInternalVars::test_initial_state PASSED    [ 53%]
tests/test_plasticity.py::TestInternalVars::test_state_copy_independent PASSED [ 54%]
tests/test_plasticity.py::TestTangent::test_elastic_tangent_symmetric PASSED [ 54%]
tests/test_plasticity.py::TestTangent::test_plastic_tangent_returned PASSED [ 54%]
tests/test_prescribed_skip.py::test_prescribed_skip_identification PASSED [ 55%]
tests/test_prescribed_skip.py::test_prescribed_skip_solution_equivalence FAILED [ 55%]
tests/test_q4_sri.py::test_q4_sri_analytical_cantilever_bending PASSED   [ 56%]
tests/test_q4_sri.py::test_q4_sri_mesh_independence_locking_free PASSED  [ 56%]
tests/test_q4_sri_hybrid.py::test_q4_sri_hybrid_numba_matches_jax PASSED [ 56%]
tests/test_q4_sri_hybrid.py::test_q4_sri_hybrid_volumetric_locking_relief PASSED [ 57%]
tests/test_rbe2.py::test_rbe2_kinematics PASSED                          [ 57%]
tests/test_rbe2.py::test_rigid_body_parser PASSED                        [ 58%]
tests/test_rbe2.py::test_rigid_body_nset PASSED                          [ 58%]
tests/test_rbe2.py::test_rigid_body_nset_generate PASSED                 [ 58%]
tests/test_rbe2_condensation_reconstruction.py::test_rbe2_condensation_reconstruction PASSED [ 59%]
tests/test_rbe2_element.py::TestRBE2ElementInterface::test_compute_contributions_exists PASSED [ 59%]
tests/test_rbe2_element.py::TestRBE2ElementInterface::test_returns_f_e_K_e_state PASSED [ 60%]
tests/test_rbe2_element.py::TestRBE2ElementInterface::test_rigid_translation PASSED [ 60%]
tests/test_rbe2_element.py::TestRBE2ElementInterface::test_rigid_rotation PASSED [ 60%]
tests/test_rbe2_element.py::TestSolverIntegration::test_accepts_rbe2_elements PASSED [ 61%]
tests/test_rbe2_element.py::TestSolverIntegration::test_zero_load_no_crash PASSED [ 61%]
tests/test_rbe2_element.py::TestSolverIntegration::test_state_persists_across_steps PASSED [ 62%]
tests/test_rbe2_jax_verify.py::test_rigid_translation_jax_matches_numpy PASSED [ 62%]
tests/test_rbe2_jax_verify.py::test_rigid_rotation_jax_matches_numpy XFAIL [ 62%]
tests/test_rbe2_jax_verify.py::test_vmap_batch_rbe2 PASSED               [ 63%]
tests/test_rbe2_jax_verify.py::test_solver_jax_rbe2_path_activated PASSED [ 63%]
tests/test_rbe2_jax_verify.py::test_solver_jax_rbe2_solve_step PASSED    [ 64%]
tests/test_rbe2_jax_verify.py::test_solver_jax_rbe2_vmap_group PASSED    [ 64%]
tests/test_rbe2_jax_verify.py::test_solver_jax_rbe2_vmap_matches_serial PASSED [ 64%]
tests/test_rbe2_jax_verify.py::test_solver_rbe2_vmap_threshold_default PASSED [ 65%]
tests/test_rbe2_jax_verify.py::test_solver_rbe2_adaptive_dispatch PASSED [ 65%]
tests/test_response_interface_phase_a.py::test_j2_response_matches_raw[identity-F0-state0] PASSED [ 66%]
tests/test_response_interface_phase_a.py::test_j2_response_matches_raw[rotation_37deg-F1-state1] PASSED [ 66%]
tests/test_response_interface_phase_a.py::test_j2_response_matches_raw[elastic_stretch-F2-state2] PASSED [ 66%]
tests/test_response_interface_phase_a.py::test_j2_response_matches_raw[plastic_yield-F3-state3] PASSED [ 67%]
tests/test_response_interface_phase_a.py::test_j2_tangent_response_matches_raw[identity-F0-state0] PASSED [ 67%]
tests/test_response_interface_phase_a.py::test_j2_tangent_response_matches_raw[rotation_37deg-F1-state1] PASSED [ 68%]
tests/test_response_interface_phase_a.py::test_j2_tangent_response_matches_raw[elastic_stretch-F2-state2] PASSED [ 68%]
tests/test_response_interface_phase_a.py::test_j2_tangent_response_matches_raw[plastic_yield-F3-state3] PASSED [ 68%]
tests/test_response_interface_phase_a.py::test_visco_response_matches_raw[identity-F0] PASSED [ 69%]
tests/test_response_interface_phase_a.py::test_visco_response_matches_raw[rotation_52deg-F1] PASSED [ 69%]
tests/test_response_interface_phase_a.py::test_visco_response_matches_raw[uniaxial-F2] PASSED [ 70%]
tests/test_response_interface_phase_a.py::test_visco_response_matches_raw[shear-F3] PASSED [ 70%]
tests/test_rigid_plate_tie.py::test_plate_builder_geometry PASSED        [ 70%]
tests/test_rigid_plate_tie.py::test_rigid_body_part_kinematics PASSED    [ 71%]
tests/test_rigid_plate_tie.py::test_surface_tie_constraint PASSED        [ 71%]
tests/test_solver.py::TestSolverBasics::test_create_solver_hyperelastic PASSED [ 72%]
tests/test_solver.py::TestSolverBasics::test_create_solver_plastic PASSED [ 72%]
tests/test_solver.py::TestSolverBasics::test_mass_matrix_positive PASSED [ 72%]
tests/test_solver.py::TestSolverBasics::test_ext_force_zero_initial PASSED [ 73%]
tests/test_solver.py::TestNRConvergence::test_small_step_hyperelastic PASSED [ 73%]
tests/test_solver.py::TestNRConvergence::test_larger_step_neo_hookean PASSED [ 74%]
tests/test_solver.py::TestNRConvergence::test_plastic_step_converges PASSED [ 74%]
tests/test_solver.py::TestNRConvergence::test_plastic_larger_converges PASSED [ 74%]
tests/test_solver.py::TestEquilibrium::test_tensile_reaction PASSED      [ 75%]
tests/test_solver.py::TestEquilibrium::test_reaction_equals_f_int_at_bc PASSED [ 75%]
tests/test_solver.py::TestStateConsistency::test_eqps_monotonic PASSED   [ 76%]
tests/test_solver.py::TestStateConsistency::test_elastic_after_plastic_unload PASSED [ 76%]
tests/test_static.py::test_cooks_membrane_static PASSED                  [ 76%]
tests/test_tie.py::test_tie_constraint PASSED                            [ 77%]
tests/test_tie_gap_verification.py::test_surface_tie_large_rotation_gap_quantitative 